<?xml version="1.0" encoding="UTF-8"?>
<testng-results ignored="0" total="1" passed="1" failed="0" skipped="0">
  <reporter-output>
  </reporter-output>
  <suite started-at="2025-09-06T07:04:46 CDT" name="Default suite" finished-at="2025-09-06T07:04:46 CDT" duration-ms="85">
    <groups>
    </groups>
    <test started-at="2025-09-06T07:04:46 CDT" name="Default test" finished-at="2025-09-06T07:04:46 CDT" duration-ms="85">
      <class name="campaignTestPractice.DemoForAssert">
        <test-method signature="test()[pri:0, instance:campaignTestPractice.DemoForAssert@6e0f5f7f]" started-at="2025-09-06T07:04:46 CDT" name="test" finished-at="2025-09-06T07:04:46 CDT" duration-ms="17" status="PASS">
          <reporter-output>
          </reporter-output>
        </test-method> <!-- test -->
      </class> <!-- campaignTestPractice.DemoForAssert -->
    </test> <!-- Default test -->
  </suite> <!-- Default suite -->
</testng-results>
